d:\securityguardapp\cpp\mrceffectdefinitions\debug\pch.pch
d:\securityguardapp\cpp\mrceffectdefinitions\debug\vc141.pdb
d:\securityguardapp\cpp\mrceffectdefinitions\debug\vc141.idb
d:\securityguardapp\cpp\mrceffectdefinitions\debug\pch.obj
d:\securityguardapp\cpp\mrceffectdefinitions\debug\mrcaudioeffectdefinition.obj
d:\securityguardapp\cpp\mrceffectdefinitions\debug\mrcvideoeffectdefinition.obj
d:\securityguardapp\cpp\debug\mrceffectdefinitions\mrceffectdefinitions.ilk
d:\securityguardapp\cpp\debug\mrceffectdefinitions\mrceffectdefinitions.dll
d:\securityguardapp\cpp\debug\mrceffectdefinitions\mrceffectdefinitions.winmd
d:\securityguardapp\cpp\debug\mrceffectdefinitions\mrceffectdefinitions.pdb
d:\securityguardapp\cpp\debug\mrceffectdefinitions\mrceffectdefinitions.lib
d:\securityguardapp\cpp\debug\mrceffectdefinitions\mrceffectdefinitions.exp
d:\securityguardapp\cpp\mrceffectdefinitions\debug\priconfig.xml
d:\securityguardapp\cpp\mrceffectdefinitions\debug\priconfig.xml.intermediate
d:\securityguardapp\cpp\mrceffectdefinitions\debug\layout.resfiles
d:\securityguardapp\cpp\mrceffectdefinitions\debug\layout.resfiles.intermediate
d:\securityguardapp\cpp\mrceffectdefinitions\debug\resources.resfiles
d:\securityguardapp\cpp\mrceffectdefinitions\debug\resources.resfiles.intermediate
d:\securityguardapp\cpp\mrceffectdefinitions\debug\pri.resfiles
d:\securityguardapp\cpp\mrceffectdefinitions\debug\pri.resfiles.intermediate
d:\securityguardapp\cpp\debug\mrceffectdefinitions\mrceffectdefinitions.pri
d:\securityguardapp\cpp\mrceffectdefinitions\debug\qualifiers.txt
d:\securityguardapp\cpp\mrceffectdefinitions\debug\qualifiers.txt.intermediate
d:\securityguardapp\cpp\mrceffectdefinitions\debug\multiplequalifiersperdimensionfound.txt
d:\securityguardapp\cpp\mrceffectdefinitions\debug\mrceffec.e6f44333.tlog\cl.command.1.tlog
d:\securityguardapp\cpp\mrceffectdefinitions\debug\mrceffec.e6f44333.tlog\cl.read.1.tlog
d:\securityguardapp\cpp\mrceffectdefinitions\debug\mrceffec.e6f44333.tlog\cl.write.1.tlog
d:\securityguardapp\cpp\mrceffectdefinitions\debug\mrceffec.e6f44333.tlog\link.command.1.tlog
d:\securityguardapp\cpp\mrceffectdefinitions\debug\mrceffec.e6f44333.tlog\link.read.1.tlog
d:\securityguardapp\cpp\mrceffectdefinitions\debug\mrceffec.e6f44333.tlog\link.write.1.tlog
d:\securityguardapp\cpp\mrceffectdefinitions\debug\mrceffec.e6f44333.tlog\mrceffectdefinitions.read.1u.tlog
d:\securityguardapp\cpp\mrceffectdefinitions\debug\mrceffec.e6f44333.tlog\mrceffectdefinitions.write.1u.tlog
